<?xml version="1.0" encoding="UTF-8"?>
<testng-results ignored="0" total="1" passed="1" failed="0" skipped="0">
  <reporter-output>
  </reporter-output>
<<<<<<< .mine
  <suite started-at="2021-09-16T18:22:20 IST" name="Default suite" finished-at="2021-09-16T18:23:31 IST" duration-ms="71683">
||||||| .r2
=======
  <suite started-at="2021-09-16T09:13:50 SAST" name="Default suite" finished-at="2021-09-16T09:17:05 SAST" duration-ms="194785">
>>>>>>> .r3
    <groups>
      <group name="cucumber">
        <method signature="AbstractTestNGCucumberTests.feature(cucumber.api.testng.CucumberFeatureWrapper)[pri:0, instance:com.cucumber.runner.RegressionRunner@26abb146]" name="feature" class="cucumber.api.testng.AbstractTestNGCucumberTests"/>
      </group> <!-- cucumber -->
    </groups>
<<<<<<< .mine
    <test started-at="2021-09-16T18:22:20 IST" name="Default test" finished-at="2021-09-16T18:23:31 IST" duration-ms="71683">
||||||| .r2
=======
    <test started-at="2021-09-16T09:13:50 SAST" name="Default test" finished-at="2021-09-16T09:17:05 SAST" duration-ms="194785">
>>>>>>> .r3
      <class name="com.cucumber.runner.RegressionRunner">
<<<<<<< .mine
        <test-method is-config="true" signature="setUpClass()[pri:0, instance:com.cucumber.runner.RegressionRunner@26abb146]" started-at="2021-09-16T18:22:20 IST" name="setUpClass" finished-at="2021-09-16T18:22:22 IST" duration-ms="1851" status="PASS">
||||||| .r2
=======
        <test-method is-config="true" signature="setUpClass()[pri:0, instance:com.cucumber.runner.RegressionRunner@1807f5a7]" started-at="2021-09-16T09:13:50 SAST" name="setUpClass" finished-at="2021-09-16T09:13:51 SAST" duration-ms="516" status="PASS">
>>>>>>> .r3
          <reporter-output>
          </reporter-output>
        </test-method> <!-- setUpClass -->
<<<<<<< .mine
        <test-method is-config="true" signature="setup()[pri:0, instance:com.cucumber.runner.RegressionRunner@26abb146]" started-at="2021-09-16T18:22:22 IST" name="setup" finished-at="2021-09-16T18:22:22 IST" duration-ms="110" status="PASS">
||||||| .r2
=======
        <test-method is-config="true" signature="setup()[pri:0, instance:com.cucumber.runner.RegressionRunner@1807f5a7]" started-at="2021-09-16T09:13:51 SAST" name="setup" finished-at="2021-09-16T09:13:51 SAST" duration-ms="40" status="PASS">
>>>>>>> .r3
          <reporter-output>
          </reporter-output>
        </test-method> <!-- setup -->
<<<<<<< .mine
        <test-method signature="feature(cucumber.api.testng.CucumberFeatureWrapper)[pri:0, instance:com.cucumber.runner.RegressionRunner@26abb146]" started-at="2021-09-16T18:22:22 IST" name="feature" description="Runs Cucumber Feature" data-provider="features" finished-at="2021-09-16T18:23:29 IST" duration-ms="67242" status="FAIL">
||||||| .r2
=======
        <test-method signature="feature(cucumber.api.testng.CucumberFeatureWrapper)[pri:0, instance:com.cucumber.runner.RegressionRunner@1807f5a7]" started-at="2021-09-16T09:13:51 SAST" name="feature" description="Runs Cucumber Feature" data-provider="features" finished-at="2021-09-16T09:17:05 SAST" duration-ms="193641" status="PASS">
>>>>>>> .r3
          <params>
            <param index="0">
              <value>
<<<<<<< .mine
                <![CDATA[AcceleratorRoleUpdate]]>
||||||| .r2
=======
                <![CDATA[Concierge]]>
>>>>>>> .r3
              </value>
            </param>
          </params>
<<<<<<< .mine
          <exception class="cucumber.runtime.CucumberException">
            <message>
              <![CDATA[java.lang.AssertionError: no such element: Unable to locate element: {"method":"xpath","selector":"//label[text()='         Proceed       ']"}
  (Session info: chrome=93.0.4577.63)
For documentation on this error, please visit: http://seleniumhq.org/exceptions/no_such_element.html
Build info: version: '3.5.3', revision: 'a88d25fe6b', time: '2017-08-29T12:42:44.417Z'
System info: host: 'WSAMZN-D8INV091', ip: '10.141.6.238', os.name: 'Windows Server 2016', os.arch: 'amd64', os.version: '10.0', java.version: '15.0.2'
Driver info: org.openqa.selenium.chrome.ChromeDriver
Capabilities [{networkConnectionEnabled=false, chrome={chromedriverVersion=93.0.4577.63 (ff5c0da2ec0adeaed5550e6c7e98417dac77d98a-refs/branch-heads/4577@{#1135}), userDataDir=D:\Users\XY58778\AppData\Local\Temp\1\scoped_dir5608_696983242}, timeouts={implicit=0, pageLoad=300000, script=30000}, pageLoadStrategy=normal, unhandledPromptBehavior=dismiss and notify, strictFileInteractability=false, platform=XP, proxy=Proxy(), goog:chromeOptions={debuggerAddress=localhost:61558}, webauthn:extension:credBlob=true, acceptInsecureCerts=false, browserVersion=93.0.4577.63, browserName=chrome, javascriptEnabled=true, platformName=XP, setWindowRect=true, webauthn:extension:largeBlob=true, webauthn:virtualAuthenticators=true}]
Session ID: 20991deedbbf93bb010dd1617f8fdcbf
*** Element info: {Using=xpath, value=//label[text()='         Proceed       ']} expected [false] but found [true]]]>
            </message>
            <full-stacktrace>
              <![CDATA[cucumber.runtime.CucumberException: java.lang.AssertionError: no such element: Unable to locate element: {"method":"xpath","selector":"//label[text()='         Proceed       ']"}
  (Session info: chrome=93.0.4577.63)
For documentation on this error, please visit: http://seleniumhq.org/exceptions/no_such_element.html
Build info: version: '3.5.3', revision: 'a88d25fe6b', time: '2017-08-29T12:42:44.417Z'
System info: host: 'WSAMZN-D8INV091', ip: '10.141.6.238', os.name: 'Windows Server 2016', os.arch: 'amd64', os.version: '10.0', java.version: '15.0.2'
Driver info: org.openqa.selenium.chrome.ChromeDriver
Capabilities [{networkConnectionEnabled=false, chrome={chromedriverVersion=93.0.4577.63 (ff5c0da2ec0adeaed5550e6c7e98417dac77d98a-refs/branch-heads/4577@{#1135}), userDataDir=D:\Users\XY58778\AppData\Local\Temp\1\scoped_dir5608_696983242}, timeouts={implicit=0, pageLoad=300000, script=30000}, pageLoadStrategy=normal, unhandledPromptBehavior=dismiss and notify, strictFileInteractability=false, platform=XP, proxy=Proxy(), goog:chromeOptions={debuggerAddress=localhost:61558}, webauthn:extension:credBlob=true, acceptInsecureCerts=false, browserVersion=93.0.4577.63, browserName=chrome, javascriptEnabled=true, platformName=XP, setWindowRect=true, webauthn:extension:largeBlob=true, webauthn:virtualAuthenticators=true}]
Session ID: 20991deedbbf93bb010dd1617f8fdcbf
*** Element info: {Using=xpath, value=//label[text()='         Proceed       ']} expected [false] but found [true]
at cucumber.api.testng.TestNGCucumberRunner.runCucumber(TestNGCucumberRunner.java:69)
at cucumber.api.testng.AbstractTestNGCucumberTests.feature(AbstractTestNGCucumberTests.java:21)
at java.base/jdk.internal.reflect.NativeMethodAccessorImpl.invoke0(Native Method)
at java.base/jdk.internal.reflect.NativeMethodAccessorImpl.invoke(NativeMethodAccessorImpl.java:64)
at java.base/jdk.internal.reflect.DelegatingMethodAccessorImpl.invoke(DelegatingMethodAccessorImpl.java:43)
at java.base/java.lang.reflect.Method.invoke(Method.java:564)
at org.testng.internal.MethodInvocationHelper.invokeMethod(MethodInvocationHelper.java:134)
at org.testng.internal.TestInvoker.invokeMethod(TestInvoker.java:597)
at org.testng.internal.TestInvoker.invokeTestMethod(TestInvoker.java:173)
at org.testng.internal.MethodRunner.runInSequence(MethodRunner.java:46)
at org.testng.internal.TestInvoker$MethodInvocationAgent.invoke(TestInvoker.java:816)
at org.testng.internal.TestInvoker.invokeTestMethods(TestInvoker.java:146)
at org.testng.internal.TestMethodWorker.invokeTestMethods(TestMethodWorker.java:146)
at org.testng.internal.TestMethodWorker.run(TestMethodWorker.java:128)
at java.base/java.util.ArrayList.forEach(ArrayList.java:1511)
at org.testng.TestRunner.privateRun(TestRunner.java:766)
at org.testng.TestRunner.run(TestRunner.java:587)
at org.testng.SuiteRunner.runTest(SuiteRunner.java:384)
at org.testng.SuiteRunner.runSequentially(SuiteRunner.java:378)
at org.testng.SuiteRunner.privateRun(SuiteRunner.java:337)
at org.testng.SuiteRunner.run(SuiteRunner.java:286)
at org.testng.SuiteRunnerWorker.runSuite(SuiteRunnerWorker.java:53)
at org.testng.SuiteRunnerWorker.run(SuiteRunnerWorker.java:96)
at org.testng.TestNG.runSuitesSequentially(TestNG.java:1187)
at org.testng.TestNG.runSuitesLocally(TestNG.java:1109)
at org.testng.TestNG.runSuites(TestNG.java:1039)
at org.testng.TestNG.run(TestNG.java:1007)
at org.testng.remote.AbstractRemoteTestNG.run(AbstractRemoteTestNG.java:115)
at org.testng.remote.RemoteTestNG.initAndRun(RemoteTestNG.java:251)
at org.testng.remote.RemoteTestNG.main(RemoteTestNG.java:77)
Caused by: java.lang.AssertionError: no such element: Unable to locate element: {"method":"xpath","selector":"//label[text()='         Proceed       ']"}
  (Session info: chrome=93.0.4577.63)
For documentation on this error, please visit: http://seleniumhq.org/exceptions/no_such_element.html
Build info: version: '3.5.3', revision: 'a88d25fe6b', time: '2017-08-29T12:42:44.417Z'
System info: host: 'WSAMZN-D8INV091', ip: '10.141.6.238', os.name: 'Windows Server 2016', os.arch: 'amd64', os.version: '10.0', java.version: '15.0.2'
Driver info: org.openqa.selenium.chrome.ChromeDriver
Capabilities [{networkConnectionEnabled=false, chrome={chromedriverVersion=93.0.4577.63 (ff5c0da2ec0adeaed5550e6c7e98417dac77d98a-refs/branch-heads/4577@{#1135}), userDataDir=D:\Users\XY58778\AppData\Local\Temp\1\scoped_dir5608_696983242}, timeouts={implicit=0, pageLoad=300000, script=30000}, pageLoadStrategy=normal, unhandledPromptBehavior=dismiss and notify, strictFileInteractability=false, platform=XP, proxy=Proxy(), goog:chromeOptions={debuggerAddress=localhost:61558}, webauthn:extension:credBlob=true, acceptInsecureCerts=false, browserVersion=93.0.4577.63, browserName=chrome, javascriptEnabled=true, platformName=XP, setWindowRect=true, webauthn:extension:largeBlob=true, webauthn:virtualAuthenticators=true}]
Session ID: 20991deedbbf93bb010dd1617f8fdcbf
*** Element info: {Using=xpath, value=//label[text()='         Proceed       ']} expected [false] but found [true]
at org.testng.Assert.fail(Assert.java:97)
at org.testng.Assert.failNotEquals(Assert.java:969)
at org.testng.Assert.assertFalse(Assert.java:65)
at com.cucumber.businesslogic.CommonMethod.checkIfSelectedanSelect(CommonMethod.java:163)
at com.cucumber.pages.AdviceAndSales.ProceedButtonSelected(AdviceAndSales.java:139)
at com.cucumber.steps.ASISA_RegressionPack.proceedbuttonselected(ASISA_RegressionPack.java:851)
at âœ½.Then ProceedButtonSelected(resources/Feature/Regression/AcceleratorRoleUpdate.feature:21)
]]>
            </full-stacktrace>
          </exception> <!-- cucumber.runtime.CucumberException -->
||||||| .r2
=======
>>>>>>> .r3
          <reporter-output>
          </reporter-output>
        </test-method> <!-- feature -->
<<<<<<< .mine
        <test-method is-config="true" signature="writeExtentReport()[pri:0, instance:com.cucumber.runner.RegressionRunner@26abb146]" started-at="2021-09-16T18:23:29 IST" name="writeExtentReport" finished-at="2021-09-16T18:23:29 IST" duration-ms="13" status="PASS">
||||||| .r2
=======
        <test-method is-config="true" signature="writeExtentReport()[pri:0, instance:com.cucumber.runner.RegressionRunner@1807f5a7]" started-at="2021-09-16T09:17:05 SAST" name="writeExtentReport" finished-at="2021-09-16T09:17:05 SAST" duration-ms="21" status="PASS">
>>>>>>> .r3
          <reporter-output>
          </reporter-output>
        </test-method> <!-- writeExtentReport -->
<<<<<<< .mine
        <test-method is-config="true" signature="tearDownClass()[pri:0, instance:com.cucumber.runner.RegressionRunner@26abb146]" started-at="2021-09-16T18:23:29 IST" name="tearDownClass" finished-at="2021-09-16T18:23:31 IST" duration-ms="2216" status="PASS">
||||||| .r2
=======
        <test-method is-config="true" signature="tearDownClass()[pri:0, instance:com.cucumber.runner.RegressionRunner@1807f5a7]" started-at="2021-09-16T09:17:05 SAST" name="tearDownClass" finished-at="2021-09-16T09:17:05 SAST" duration-ms="400" status="PASS">
>>>>>>> .r3
          <reporter-output>
          </reporter-output>
        </test-method> <!-- tearDownClass -->
      </class> <!-- com.cucumber.runner.RegressionRunner -->
    </test> <!-- Default test -->
  </suite> <!-- Default suite -->
</testng-results>
