<?xml version="1.0" encoding="UTF-8"?>
<testng-results ignored="0" total="1" passed="0" failed="1" skipped="0">
  <reporter-output>
  </reporter-output>
  <suite started-at="2021-09-06T08:22:25 SAST" name="Default suite" finished-at="2021-09-06T08:22:31 SAST" duration-ms="6276">
    <groups>
      <group name="cucumber">
        <method signature="AbstractTestNGCucumberTests.feature(cucumber.api.testng.CucumberFeatureWrapper)[pri:0, instance:com.cucumber.runner.RegressionRunner@1807f5a7]" name="feature" class="cucumber.api.testng.AbstractTestNGCucumberTests"/>
      </group> <!-- cucumber -->
    </groups>
    <test started-at="2021-09-06T08:22:25 SAST" name="Default test" finished-at="2021-09-06T08:22:31 SAST" duration-ms="6276">
      <class name="com.cucumber.runner.RegressionRunner">
        <test-method is-config="true" signature="setUpClass()[pri:0, instance:com.cucumber.runner.RegressionRunner@1807f5a7]" started-at="2021-09-06T08:22:25 SAST" name="setUpClass" finished-at="2021-09-06T08:22:26 SAST" duration-ms="644" status="PASS">
          <reporter-output>
          </reporter-output>
        </test-method> <!-- setUpClass -->
        <test-method is-config="true" signature="setup()[pri:0, instance:com.cucumber.runner.RegressionRunner@1807f5a7]" started-at="2021-09-06T08:22:26 SAST" name="setup" finished-at="2021-09-06T08:22:26 SAST" duration-ms="58" status="PASS">
          <reporter-output>
          </reporter-output>
        </test-method> <!-- setup -->
        <test-method signature="feature(cucumber.api.testng.CucumberFeatureWrapper)[pri:0, instance:com.cucumber.runner.RegressionRunner@1807f5a7]" started-at="2021-09-06T08:22:26 SAST" name="feature" description="Runs Cucumber Feature" data-provider="features" finished-at="2021-09-06T08:22:30 SAST" duration-ms="4539" status="FAIL">
          <params>
            <param index="0">
              <value>
                <![CDATA[AdviceAndSales]]>
              </value>
            </param>
          </params>
          <exception class="cucumber.runtime.CucumberException">
            <message>
              <![CDATA[org.openqa.selenium.SessionNotCreatedException: session not created: This version of ChromeDriver only supports Chrome version 90
Current browser version is 92.0.4515.159 with binary path C:\Program Files\Google\Chrome\Application\chrome.exe
Build info: version: '3.5.3', revision: 'a88d25fe6b', time: '2017-08-29T12:42:44.417Z'
System info: host: 'LT080786', ip: '10.115.82.131', os.name: 'Windows 10', os.arch: 'amd64', os.version: '10.0', java.version: '15.0.1'
Driver info: driver.version: ChromeDriver
remote stacktrace: Backtrace:
Ordinal0 [0x0028C013+2474003]
Ordinal0 [0x002229C1+2042305]
Ordinal0 [0x00132F68+1060712]
Ordinal0 [0x0015188E+1185934]
Ordinal0 [0x0014D600+1168896]
Ordinal0 [0x0014AA83+1157763]
Ordinal0 [0x0017A2A2+1352354]
Ordinal0 [0x00178FAA+1347498]
Ordinal0 [0x001766DB+1337051]
Ordinal0 [0x00153427+1192999]
Ordinal0 [0x001542EE+1196782]
Ordinal0 [0x00154279+1196665]
GetHandleVerifier [0x004196FC+1590332]
GetHandleVerifier [0x004C8614+2306900]
GetHandleVerifier [0x00319E93+543699]
GetHandleVerifier [0x003192CE+540686]
Ordinal0 [0x002286BA+2066106]
Ordinal0 [0x0022D1C8+2085320]
Ordinal0 [0x0022D308+2085640]
Ordinal0 [0x002367F3+2123763]
BaseThreadInitThunk [0x76ED6359+25]
RtlGetAppContainerNamedObjectPath [0x779F87A4+228]
RtlGetAppContainerNamedObjectPath [0x779F8774+180]
(No symbol) [0x00000000]
]]>
            </message>
            <full-stacktrace>
              <![CDATA[cucumber.runtime.CucumberException: org.openqa.selenium.SessionNotCreatedException: session not created: This version of ChromeDriver only supports Chrome version 90
Current browser version is 92.0.4515.159 with binary path C:\Program Files\Google\Chrome\Application\chrome.exe
Build info: version: '3.5.3', revision: 'a88d25fe6b', time: '2017-08-29T12:42:44.417Z'
System info: host: 'LT080786', ip: '10.115.82.131', os.name: 'Windows 10', os.arch: 'amd64', os.version: '10.0', java.version: '15.0.1'
Driver info: driver.version: ChromeDriver
remote stacktrace: Backtrace:
Ordinal0 [0x0028C013+2474003]
Ordinal0 [0x002229C1+2042305]
Ordinal0 [0x00132F68+1060712]
Ordinal0 [0x0015188E+1185934]
Ordinal0 [0x0014D600+1168896]
Ordinal0 [0x0014AA83+1157763]
Ordinal0 [0x0017A2A2+1352354]
Ordinal0 [0x00178FAA+1347498]
Ordinal0 [0x001766DB+1337051]
Ordinal0 [0x00153427+1192999]
Ordinal0 [0x001542EE+1196782]
Ordinal0 [0x00154279+1196665]
GetHandleVerifier [0x004196FC+1590332]
GetHandleVerifier [0x004C8614+2306900]
GetHandleVerifier [0x00319E93+543699]
GetHandleVerifier [0x003192CE+540686]
Ordinal0 [0x002286BA+2066106]
Ordinal0 [0x0022D1C8+2085320]
Ordinal0 [0x0022D308+2085640]
Ordinal0 [0x002367F3+2123763]
BaseThreadInitThunk [0x76ED6359+25]
RtlGetAppContainerNamedObjectPath [0x779F87A4+228]
RtlGetAppContainerNamedObjectPath [0x779F8774+180]
(No symbol) [0x00000000]

at cucumber.api.testng.TestNGCucumberRunner.runCucumber(TestNGCucumberRunner.java:69)
at cucumber.api.testng.AbstractTestNGCucumberTests.feature(AbstractTestNGCucumberTests.java:21)
at java.base/jdk.internal.reflect.NativeMethodAccessorImpl.invoke0(Native Method)
at java.base/jdk.internal.reflect.NativeMethodAccessorImpl.invoke(NativeMethodAccessorImpl.java:64)
at java.base/jdk.internal.reflect.DelegatingMethodAccessorImpl.invoke(DelegatingMethodAccessorImpl.java:43)
at java.base/java.lang.reflect.Method.invoke(Method.java:564)
at org.testng.internal.MethodInvocationHelper.invokeMethod(MethodInvocationHelper.java:134)
at org.testng.internal.TestInvoker.invokeMethod(TestInvoker.java:597)
at org.testng.internal.TestInvoker.invokeTestMethod(TestInvoker.java:173)
at org.testng.internal.MethodRunner.runInSequence(MethodRunner.java:46)
at org.testng.internal.TestInvoker$MethodInvocationAgent.invoke(TestInvoker.java:816)
at org.testng.internal.TestInvoker.invokeTestMethods(TestInvoker.java:146)
at org.testng.internal.TestMethodWorker.invokeTestMethods(TestMethodWorker.java:146)
at org.testng.internal.TestMethodWorker.run(TestMethodWorker.java:128)
at java.base/java.util.ArrayList.forEach(ArrayList.java:1511)
at org.testng.TestRunner.privateRun(TestRunner.java:766)
at org.testng.TestRunner.run(TestRunner.java:587)
at org.testng.SuiteRunner.runTest(SuiteRunner.java:384)
at org.testng.SuiteRunner.runSequentially(SuiteRunner.java:378)
at org.testng.SuiteRunner.privateRun(SuiteRunner.java:337)
at org.testng.SuiteRunner.run(SuiteRunner.java:286)
at org.testng.SuiteRunnerWorker.runSuite(SuiteRunnerWorker.java:53)
at org.testng.SuiteRunnerWorker.run(SuiteRunnerWorker.java:96)
at org.testng.TestNG.runSuitesSequentially(TestNG.java:1187)
at org.testng.TestNG.runSuitesLocally(TestNG.java:1109)
at org.testng.TestNG.runSuites(TestNG.java:1039)
at org.testng.TestNG.run(TestNG.java:1007)
at org.testng.remote.AbstractRemoteTestNG.run(AbstractRemoteTestNG.java:115)
at org.testng.remote.RemoteTestNG.initAndRun(RemoteTestNG.java:251)
at org.testng.remote.RemoteTestNG.main(RemoteTestNG.java:77)
Caused by: org.openqa.selenium.SessionNotCreatedException: session not created: This version of ChromeDriver only supports Chrome version 90
Current browser version is 92.0.4515.159 with binary path C:\Program Files\Google\Chrome\Application\chrome.exe
Build info: version: '3.5.3', revision: 'a88d25fe6b', time: '2017-08-29T12:42:44.417Z'
System info: host: 'LT080786', ip: '10.115.82.131', os.name: 'Windows 10', os.arch: 'amd64', os.version: '10.0', java.version: '15.0.1'
Driver info: driver.version: ChromeDriver
remote stacktrace: Backtrace:
Ordinal0 [0x0028C013+2474003]
Ordinal0 [0x002229C1+2042305]
Ordinal0 [0x00132F68+1060712]
Ordinal0 [0x0015188E+1185934]
Ordinal0 [0x0014D600+1168896]
Ordinal0 [0x0014AA83+1157763]
Ordinal0 [0x0017A2A2+1352354]
Ordinal0 [0x00178FAA+1347498]
Ordinal0 [0x001766DB+1337051]
Ordinal0 [0x00153427+1192999]
Ordinal0 [0x001542EE+1196782]
Ordinal0 [0x00154279+1196665]
GetHandleVerifier [0x004196FC+1590332]
GetHandleVerifier [0x004C8614+2306900]
GetHandleVerifier [0x00319E93+543699]
GetHandleVerifier [0x003192CE+540686]
Ordinal0 [0x002286BA+2066106]
Ordinal0 [0x0022D1C8+2085320]
Ordinal0 [0x0022D308+2085640]
Ordinal0 [0x002367F3+2123763]
BaseThreadInitThunk [0x76ED6359+25]
RtlGetAppContainerNamedObjectPath [0x779F87A4+228]
RtlGetAppContainerNamedObjectPath [0x779F8774+180]
(No symbol) [0x00000000]

at java.base/jdk.internal.reflect.NativeConstructorAccessorImpl.newInstance0(Native Method)
at java.base/jdk.internal.reflect.NativeConstructorAccessorImpl.newInstance(NativeConstructorAccessorImpl.java:64)
at java.base/jdk.internal.reflect.DelegatingConstructorAccessorImpl.newInstance(DelegatingConstructorAccessorImpl.java:45)
at java.base/java.lang.reflect.Constructor.newInstanceWithCaller(Constructor.java:500)
at java.base/java.lang.reflect.Constructor.newInstance(Constructor.java:481)
at org.openqa.selenium.remote.W3CHandshakeResponse.lambda$new$0(W3CHandshakeResponse.java:57)
at org.openqa.selenium.remote.W3CHandshakeResponse.lambda$getResponseFunction$2(W3CHandshakeResponse.java:104)
at org.openqa.selenium.remote.ProtocolHandshake.lambda$createSession$24(ProtocolHandshake.java:359)
at java.base/java.util.stream.ReferencePipeline$3$1.accept(ReferencePipeline.java:195)
at java.base/java.util.Spliterators$ArraySpliterator.tryAdvance(Spliterators.java:958)
at java.base/java.util.stream.ReferencePipeline.forEachWithCancel(ReferencePipeline.java:127)
at java.base/java.util.stream.AbstractPipeline.copyIntoWithCancel(AbstractPipeline.java:502)
at java.base/java.util.stream.AbstractPipeline.copyInto(AbstractPipeline.java:488)
at java.base/java.util.stream.AbstractPipeline.wrapAndCopyInto(AbstractPipeline.java:474)
at java.base/java.util.stream.FindOps$FindOp.evaluateSequential(FindOps.java:150)
at java.base/java.util.stream.AbstractPipeline.evaluate(AbstractPipeline.java:234)
at java.base/java.util.stream.ReferencePipeline.findFirst(ReferencePipeline.java:543)
at org.openqa.selenium.remote.ProtocolHandshake.createSession(ProtocolHandshake.java:362)
at org.openqa.selenium.remote.ProtocolHandshake.createSession(ProtocolHandshake.java:136)
at org.openqa.selenium.remote.HttpCommandExecutor.execute(HttpCommandExecutor.java:142)
at org.openqa.selenium.remote.service.DriverCommandExecutor.execute(DriverCommandExecutor.java:82)
at org.openqa.selenium.remote.RemoteWebDriver.execute(RemoteWebDriver.java:646)
at org.openqa.selenium.remote.RemoteWebDriver.startSession(RemoteWebDriver.java:255)
at org.openqa.selenium.remote.RemoteWebDriver.startSession(RemoteWebDriver.java:237)
at org.openqa.selenium.remote.RemoteWebDriver.<init>(RemoteWebDriver.java:138)
at org.openqa.selenium.chrome.ChromeDriver.<init>(ChromeDriver.java:178)
at org.openqa.selenium.chrome.ChromeDriver.<init>(ChromeDriver.java:167)
at org.openqa.selenium.chrome.ChromeDriver.<init>(ChromeDriver.java:156)
at com.cucumber.utility.BrowserFactory.openBrowser(BrowserFactory.java:74)
at com.cucumber.steps.ASISA_RegressionPack.bizagi_Login_screen_is_launched_Data_Set(ASISA_RegressionPack.java:43)
at âœ½.Given Bizagi Login screen is launched"BizagiLoginTestData" & Data Set "LoginData,CEBSearch,AdviceAndSales"(resources/Feature/Regression/AdviceAndSales.feature:63)
]]>
            </full-stacktrace>
          </exception> <!-- cucumber.runtime.CucumberException -->
          <reporter-output>
          </reporter-output>
        </test-method> <!-- feature -->
        <test-method is-config="true" signature="writeExtentReport()[pri:0, instance:com.cucumber.runner.RegressionRunner@1807f5a7]" started-at="2021-09-06T08:22:30 SAST" name="writeExtentReport" finished-at="2021-09-06T08:22:30 SAST" duration-ms="118" status="PASS">
          <reporter-output>
          </reporter-output>
        </test-method> <!-- writeExtentReport -->
        <test-method is-config="true" signature="tearDownClass()[pri:0, instance:com.cucumber.runner.RegressionRunner@1807f5a7]" started-at="2021-09-06T08:22:30 SAST" name="tearDownClass" finished-at="2021-09-06T08:22:31 SAST" duration-ms="689" status="PASS">
          <reporter-output>
          </reporter-output>
        </test-method> <!-- tearDownClass -->
      </class> <!-- com.cucumber.runner.RegressionRunner -->
    </test> <!-- Default test -->
  </suite> <!-- Default suite -->
</testng-results>
